Compiled jquery.js  (3ms)  (pid 23388)
Compiled jquery_ujs.js  (0ms)  (pid 23388)
Compiled events.js  (532ms)  (pid 23388)
Compiled forms.js  (0ms)  (pid 23388)
Compiled interaction.js  (0ms)  (pid 23388)
Compiled jquery.validationEngine-en.js  (0ms)  (pid 23388)
Compiled jquery.validationEngine.js  (1ms)  (pid 23388)
Compiled modal.js  (0ms)  (pid 23388)
Compiled sessions.js  (126ms)  (pid 23388)
Compiled users.js  (123ms)  (pid 23388)
Compiled application.js  (831ms)  (pid 23388)
Compiled font-awesome.css  (54ms)  (pid 23388)
Compiled colorbar.css  (4ms)  (pid 23388)
Compiled events.css  (10ms)  (pid 23388)
Compiled flash.css  (3ms)  (pid 23388)
Compiled forms.css  (5ms)  (pid 23388)
Compiled modal.css  (0ms)  (pid 23388)
Compiled navs.css  (2ms)  (pid 23388)
Compiled sessions.css  (1ms)  (pid 23388)
Compiled slidedowns.css  (3ms)  (pid 23388)
Compiled users.css  (0ms)  (pid 23388)
Compiled validationEngine.jquery.css  (0ms)  (pid 23388)
Compiled application.css  (282ms)  (pid 23388)
Compiled jquery.js  (4ms)  (pid 23388)
Compiled jquery_ujs.js  (0ms)  (pid 23388)
Compiled events.js  (143ms)  (pid 23388)
Compiled forms.js  (0ms)  (pid 23388)
Compiled interaction.js  (0ms)  (pid 23388)
Compiled jquery.validationEngine-en.js  (0ms)  (pid 23388)
Compiled jquery.validationEngine.js  (1ms)  (pid 23388)
Compiled modal.js  (0ms)  (pid 23388)
Compiled sessions.js  (117ms)  (pid 23388)
Compiled users.js  (117ms)  (pid 23388)
Compiled application.js  (424ms)  (pid 23388)
Compiled font-awesome.css  (17ms)  (pid 23388)
Compiled colorbar.css  (4ms)  (pid 23388)
Compiled events.css  (11ms)  (pid 23388)
Compiled flash.css  (1ms)  (pid 23388)
Compiled forms.css  (5ms)  (pid 23388)
Compiled modal.css  (0ms)  (pid 23388)
Compiled navs.css  (2ms)  (pid 23388)
Compiled sessions.css  (0ms)  (pid 23388)
Compiled slidedowns.css  (3ms)  (pid 23388)
Compiled users.css  (0ms)  (pid 23388)
Compiled validationEngine.jquery.css  (0ms)  (pid 23388)
Compiled application.css  (192ms)  (pid 23388)
